Flow report for SimpleProcessor
Sun Dec 29 18:40:14 2019
Quartus Prime Version 18.1.0 Build 625 09/12/2018 SJ Lite Edition


---------------------
; Table of Contents ;
---------------------
  1. Legal Notice
  2. Flow Summary
  3. Flow Settings
  4. Flow Non-Default Global Settings
  5. Flow Elapsed Time
  6. Flow OS Summary
  7. Flow Log
  8. Flow Messages
  9. Flow Suppressed Messages



----------------
; Legal Notice ;
----------------
Copyright (C) 2018  Intel Corporation. All rights reserved.
Your use of Intel Corporation's design tools, logic functions 
and other software and tools, and its AMPP partner logic 
functions, and any output files from any of the foregoing 
(including device programming or simulation files), and any 
associated documentation or information are expressly subject 
to the terms and conditions of the Intel Program License 
Subscription Agreement, the Intel Quartus Prime License Agreement,
the Intel FPGA IP License Agreement, or other applicable license
agreement, including, without limitation, that your use is for
the sole purpose of programming logic devices manufactured by
Intel and sold by Intel or its authorized distributors.  Please
refer to the applicable agreement for further details.



+----------------------------------------------------------------------------------+
; Flow Summary                                                                     ;
+------------------------------------+---------------------------------------------+
; Flow Status                        ; Successful - Sun Dec 29 18:40:11 2019       ;
; Quartus Prime Version              ; 18.1.0 Build 625 09/12/2018 SJ Lite Edition ;
; Revision Name                      ; SimpleProcessor                             ;
; Top-level Entity Name              ; SimpleProcessor                             ;
; Family                             ; Cyclone 10 LP                               ;
; Total logic elements               ; 117 / 6,272 ( 2 % )                         ;
;     Total combinational functions  ; 99 / 6,272 ( 2 % )                          ;
;     Dedicated logic registers      ; 55 / 6,272 ( < 1 % )                        ;
; Total registers                    ; 55                                          ;
; Total pins                         ; 57 / 89 ( 64 % )                            ;
; Total virtual pins                 ; 0                                           ;
; Total memory bits                  ; 0 / 276,480 ( 0 % )                         ;
; Embedded Multiplier 9-bit elements ; 0 / 30 ( 0 % )                              ;
; Total PLLs                         ; 0 / 2 ( 0 % )                               ;
; Device                             ; 10CL006YE144C6G                             ;
; Timing Models                      ; Final                                       ;
+------------------------------------+---------------------------------------------+


+-----------------------------------------+
; Flow Settings                           ;
+-------------------+---------------------+
; Option            ; Setting             ;
+-------------------+---------------------+
; Start date & time ; 12/29/2019 18:39:52 ;
; Main task         ; Compilation         ;
; Revision Name     ; SimpleProcessor     ;
+-------------------+---------------------+


+-------------------------------------------------------------------------------------------------------------------------+
; Flow Non-Default Global Settings                                                                                        ;
+-------------------------------------+----------------------------------------+---------------+-------------+------------+
; Assignment Name                     ; Value                                  ; Default Value ; Entity Name ; Section Id ;
+-------------------------------------+----------------------------------------+---------------+-------------+------------+
; COMPILER_SIGNATURE_ID               ; 134660535270352.157761599217424        ; --            ; --          ; --         ;
; PARTITION_COLOR                     ; -- (Not supported for targeted family) ; --            ; --          ; Top        ;
; PARTITION_FITTER_PRESERVATION_LEVEL ; -- (Not supported for targeted family) ; --            ; --          ; Top        ;
; PARTITION_NETLIST_TYPE              ; -- (Not supported for targeted family) ; --            ; --          ; Top        ;
; PROJECT_OUTPUT_DIRECTORY            ; output_files                           ; --            ; --          ; --         ;
+-------------------------------------+----------------------------------------+---------------+-------------+------------+


+--------------------------------------------------------------------------------------------------------------------------+
; Flow Elapsed Time                                                                                                        ;
+----------------------+--------------+-------------------------+---------------------+------------------------------------+
; Module Name          ; Elapsed Time ; Average Processors Used ; Peak Virtual Memory ; Total CPU Time (on all processors) ;
+----------------------+--------------+-------------------------+---------------------+------------------------------------+
; Analysis & Synthesis ; 00:00:11     ; 1.0                     ; 4786 MB             ; 00:00:24                           ;
; Fitter               ; 00:00:06     ; 1.0                     ; 5350 MB             ; 00:00:07                           ;
; Assembler            ; 00:00:01     ; 1.0                     ; 4662 MB             ; 00:00:01                           ;
; Timing Analyzer      ; 00:00:02     ; 1.0                     ; 4747 MB             ; 00:00:02                           ;
; Total                ; 00:00:20     ; --                      ; --                  ; 00:00:34                           ;
+----------------------+--------------+-------------------------+---------------------+------------------------------------+


+---------------------------------------------------------------------------------------+
; Flow OS Summary                                                                       ;
+----------------------+---------------------+------------+------------+----------------+
; Module Name          ; Machine Hostname    ; OS Name    ; OS Version ; Processor type ;
+----------------------+---------------------+------------+------------+----------------+
; Analysis & Synthesis ; DESKTOP-WEIKING1021 ; Windows 10 ; 10.0       ; x86_64         ;
; Fitter               ; DESKTOP-WEIKING1021 ; Windows 10 ; 10.0       ; x86_64         ;
; Assembler            ; DESKTOP-WEIKING1021 ; Windows 10 ; 10.0       ; x86_64         ;
; Timing Analyzer      ; DESKTOP-WEIKING1021 ; Windows 10 ; 10.0       ; x86_64         ;
+----------------------+---------------------+------------+------------+----------------+


------------
; Flow Log ;
------------
quartus_map --read_settings_files=on --write_settings_files=off SimpleProcessor -c SimpleProcessor
quartus_fit --read_settings_files=off --write_settings_files=off SimpleProcessor -c SimpleProcessor
quartus_asm --read_settings_files=off --write_settings_files=off SimpleProcessor -c SimpleProcessor
quartus_sta SimpleProcessor -c SimpleProcessor



